# JRE version: Java(TM) SE Runtime Environment (8.0_51-b16) (build 1.8.0_51-b16)
# Java VM: Java HotSpot(TM) 64-Bit Server VM (25.51-b03 mixed mode windows-amd64 compressed oops)
Heap:
 garbage-first heap   total 6291456K, used 1116316K [0x0000000640000000, 0x0000000642000600, 0x00000007c0000000)
  region size 32768K, 4 young (131072K), 1 survivors (32768K)
 Metaspace       used 117678K, capacity 132873K, committed 133068K, reserved 1150976K
  class space    used 21428K, capacity 31155K, committed 31180K, reserved 1048576K
GC Heap History (10 events):
Event: 24.680 GC heap before
{Heap before GC invocations=122 (full 0):
 garbage-first heap   total 6291456K, used 1153414K [0x0000000640000000, 0x0000000642000600, 0x00000007c0000000)
  region size 32768K, 4 young (131072K), 1 survivors (32768K)
 Metaspace       used 114986K, capacity 130163K, committed 130380K, reserved 1148928K
  class space    used 21030K, capacity 30752K, committed 30796K, reserved 1048576K
Event: 24.717 GC heap after
Heap after GC invocations=123 (full 0):
 garbage-first heap   total 6291456K, used 991133K [0x0000000640000000, 0x0000000642000600, 0x00000007c0000000)
  region size 32768K, 1 young (32768K), 1 survivors (32768K)
 Metaspace       used 114986K, capacity 130163K, committed 130380K, reserved 1148928K
  class space    used 21030K, capacity 30752K, committed 30796K, reserved 1048576K
}
Event: 24.887 GC heap before
{Heap before GC invocations=123 (full 0):
 garbage-first heap   total 6291456K, used 1089437K [0x0000000640000000, 0x0000000642000600, 0x00000007c0000000)
  region size 32768K, 4 young (131072K), 1 survivors (32768K)
 Metaspace       used 115643K, capacity 130835K, committed 131020K, reserved 1148928K
  class space    used 21194K, capacity 30912K, committed 30924K, reserved 1048576K
Event: 24.915 GC heap after
Heap after GC invocations=124 (full 0):
 garbage-first heap   total 6291456K, used 1015103K [0x0000000640000000, 0x0000000642000600, 0x00000007c0000000)
  region size 32768K, 1 young (32768K), 1 survivors (32768K)
 Metaspace       used 115643K, capacity 130835K, committed 131020K, reserved 1148928K
  class space    used 21194K, capacity 30912K, committed 30924K, reserved 1048576K
}
Event: 25.115 GC heap before
{Heap before GC invocations=124 (full 0):
 garbage-first heap   total 6291456K, used 1113407K [0x0000000640000000, 0x0000000642000600, 0x00000007c0000000)
  region size 32768K, 4 young (131072K), 1 survivors (32768K)
 Metaspace       used 116392K, capacity 131575K, committed 131916K, reserved 1150976K
  class space    used 21304K, capacity 31010K, committed 31052K, reserved 1048576K
Event: 25.143 GC heap after
Heap after GC invocations=125 (full 0):
 garbage-first heap   total 6291456K, used 1025349K [0x0000000640000000, 0x0000000642000600, 0x00000007c0000000)
  region size 32768K, 1 young (32768K), 1 survivors (32768K)
 Metaspace       used 116392K, capacity 131575K, committed 131916K, reserved 1150976K
  class space    used 21304K, capacity 31010K, committed 31052K, reserved 1048576K
}
Event: 25.576 GC heap before
{Heap before GC invocations=125 (full 0):
 garbage-first heap   total 6291456K, used 1123653K [0x0000000640000000, 0x0000000642000600, 0x00000007c0000000)
  region size 32768K, 4 young (131072K), 1 survivors (32768K)
 Metaspace       used 116730K, capacity 131943K, committed 132172K, reserved 1150976K
  class space    used 21336K, capacity 31046K, committed 31052K, reserved 1048576K
Event: 25.597 GC heap after
Heap after GC invocations=126 (full 0):
 garbage-first heap   total 6291456K, used 1031183K [0x0000000640000000, 0x0000000642000600, 0x00000007c0000000)
  region size 32768K, 1 young (32768K), 1 survivors (32768K)
 Metaspace       used 116730K, capacity 131943K, committed 132172K, reserved 1150976K
  class space    used 21336K, capacity 31046K, committed 31052K, reserved 1048576K
}
Event: 25.911 GC heap before
{Heap before GC invocations=127 (full 0):
 garbage-first heap   total 6291456K, used 1129487K [0x0000000640000000, 0x0000000642000600, 0x00000007c0000000)
  region size 32768K, 4 young (131072K), 1 survivors (32768K)
 Metaspace       used 117102K, capacity 132321K, committed 132556K, reserved 1150976K
  class space    used 21377K, capacity 31083K, committed 31180K, reserved 1048576K
Event: 25.936 GC heap after
Heap after GC invocations=128 (full 0):
 garbage-first heap   total 6291456K, used 1050780K [0x0000000640000000, 0x0000000642000600, 0x00000007c0000000)
  region size 32768K, 1 young (32768K), 1 survivors (32768K)
 Metaspace       used 117102K, capacity 132321K, committed 132556K, reserved 1150976K
  class space    used 21377K, capacity 31083K, committed 31180K, reserved 1048576K
}

